#
# There is insufficient memory for the Java Runtime Environment to continue.
# Native memory allocation (malloc) failed to allocate 1048576 bytes for AllocateHeap
# Possible reasons:
#   The system is out of physical RAM or swap space
#   In 32 bit mode, the process size limit was hit
# Possible solutions:
#   Reduce memory load on the system
#   Increase physical memory or swap space
#   Check if swap backing store is full
#   Use 64 bit Java on a 64 bit OS
#   Decrease Java heap size (-Xmx/-Xms)
#   Decrease number of Java threads
#   Decrease Java thread stack sizes (-Xss)
#   Set larger code cache with -XX:ReservedCodeCacheSize=
# This output file may be truncated or incomplete.
#
#  Out of Memory Error (memory/allocation.inline.hpp:61), pid=8484, tid=8692
#
# JRE version:  (8.0_60-b27) (build )
# Java VM: Java HotSpot(TM) 64-Bit Server VM (25.60-b23 mixed mode windows-amd64 compressed oops)
# Failed to write core dump. Minidumps are not enabled by default on client versions of Windows
#

---------------  T H R E A D  ---------------

Current thread (0x000000000233e000):  JavaThread "Unknown thread" [_thread_in_vm, id=8692, stack(0x0000000002190000,0x0000000002290000)]

Stack: [0x0000000002190000,0x0000000002290000]
[error occurred during error reporting (printing stack bounds), id 0xc0000005]

Native frames: (J=compiled Java code, j=interpreted, Vv=VM code, C=native code)


---------------  P R O C E S S  ---------------

Java Threads: ( => current thread )

Other Threads:

=>0x000000000233e000 (exited) JavaThread "Unknown thread" [_thread_in_vm, id=8692, stack(0x0000000002190000,0x0000000002290000)]

VM state:not at safepoint (normal execution)

VM Mutex/Monitor currently owned by a thread: None

Heap:
 PSYoungGen      total 2048K, used 30K [0x00000000eb180000, 0x00000000eb400000, 0x0000000100000000)
  eden space 1536K, 2% used [0x00000000eb180000,0x00000000eb187af0,0x00000000eb300000)
  from space 512K, 0% used [0x00000000eb380000,0x00000000eb380000,0x00000000eb400000)
  to   space 512K, 0% used [0x00000000eb300000,0x00000000eb300000,0x00000000eb380000)
 ParOldGen       total 5632K, used 0K [0x00000000c1400000, 0x00000000c1980000, 0x00000000eb180000)
  object space 5632K, 0% used [0x00000000c1400000,0x00000000c1400000,0x00000000c1980000)
 Metaspace       used 767K, capacity 4480K, committed 4480K, reserved 1056768K
  class space    used 75K, capacity 384K, committed 384K, reserved 1048576K

Card table byte_map: [0x0000000011b40000,0x0000000011d40000] byte_map_base: 0x0000000011536000

Marking Bits: (ParMarkBitMap*) 0x0000000077f7a5b0
 Begin Bits: [0x0000000012290000, 0x0000000013240000)
 End Bits:   [0x0000000013240000, 0x00000000141f0000)

Polling page: 0x00000000001f0000

CodeCache: size=245760Kb used=328Kb max_used=328Kb free=245431Kb
 bounds [0x0000000002780000, 0x00000000029f0000, 0x0000000011780000]
 total_blobs=57 nmethods=0 adapters=37
 compilation: enabled

Compilation events (0 events):
No events

GC Heap History (0 events):
No events

Deoptimization events (0 events):
No events

Internal exceptions (0 events):
No events

Events (10 events):
Event: 0.077 loading class java/lang/Short
Event: 0.078 loading class java/lang/Short done
Event: 0.078 loading class java/lang/Integer
Event: 0.078 loading class java/lang/Integer done
Event: 0.078 loading class java/lang/Long
Event: 0.079 loading class java/lang/Long done
Event: 0.082 loading class java/lang/NullPointerException
Event: 0.082 loading class java/lang/NullPointerException done
Event: 0.082 loading class java/lang/ArithmeticException
Event: 0.082 loading class java/lang/ArithmeticException done


Dynamic libraries:
0x00007ff76e890000 - 0x00007ff76e897000 	C:\Program Files\Java\jdk1.8.0_60\bin\javac.exe
0x00007ffe00f30000 - 0x00007ffe010f1000 	C:\WINDOWS\SYSTEM32\ntdll.dll
0x00007ffdffb70000 - 0x00007ffdffc1d000 	C:\WINDOWS\system32\KERNEL32.DLL
0x00007ffdfddc0000 - 0x00007ffdfdfa8000 	C:\WINDOWS\system32\KERNELBASE.dll
0x00000000500a0000 - 0x00000000500cf000 	C:\Program Files\Java\jdk1.8.0_60\bin\jli.dll
0x00000000500d0000 - 0x00000000501a2000 	C:\Program Files\Java\jdk1.8.0_60\bin\MSVCR100.dll
0x00007ffdfe3e0000 - 0x00007ffdfe487000 	C:\WINDOWS\system32\ADVAPI32.dll
0x00007ffe00300000 - 0x00007ffe0039d000 	C:\WINDOWS\system32\msvcrt.dll
0x00007ffe00850000 - 0x00007ffe008ab000 	C:\WINDOWS\system32\sechost.dll
0x00007ffdfff60000 - 0x00007ffe0007c000 	C:\WINDOWS\system32\RPCRT4.dll
0x00007ffe003a0000 - 0x00007ffe004f6000 	C:\WINDOWS\system32\USER32.dll
0x00007ffdffdd0000 - 0x00007ffdfff56000 	C:\WINDOWS\system32\GDI32.dll
0x00007ffdf2bf0000 - 0x00007ffdf2e64000 	C:\WINDOWS\WinSxS\amd64_microsoft.windows.common-controls_6595b64144ccf1df_6.0.10586.0_none_8c15ae12515e1c22\COMCTL32.dll
0x00007ffe00080000 - 0x00007ffe002fd000 	C:\WINDOWS\system32\combase.dll
0x00007ffdfdc10000 - 0x00007ffdfdc7a000 	C:\WINDOWS\system32\bcryptPrimitives.dll
0x00007ffe00ee0000 - 0x00007ffe00f1b000 	C:\WINDOWS\system32\IMM32.DLL
0x0000000050420000 - 0x00000000504f2000 	C:\Program Files\Java\jdk1.8.0_60\jre\bin\msvcr100.dll
0x0000000077770000 - 0x0000000077ff9000 	C:\Program Files\Java\jdk1.8.0_60\jre\bin\server\jvm.dll
0x00007ffdfe370000 - 0x00007ffdfe378000 	C:\WINDOWS\system32\PSAPI.DLL
0x00007ffdf0780000 - 0x00007ffdf0789000 	C:\WINDOWS\SYSTEM32\WSOCK32.dll
0x00007ffe005b0000 - 0x00007ffe0061b000 	C:\WINDOWS\system32\WS2_32.dll
0x00007ffdfb740000 - 0x00007ffdfb763000 	C:\WINDOWS\SYSTEM32\WINMM.dll
0x00007ffdf0050000 - 0x00007ffdf005a000 	C:\WINDOWS\SYSTEM32\VERSION.dll
0x00007ffdfb710000 - 0x00007ffdfb73c000 	C:\WINDOWS\SYSTEM32\WINMMBASE.dll
0x00007ffdfe010000 - 0x00007ffdfe053000 	C:\WINDOWS\system32\cfgmgr32.dll
0x0000000050410000 - 0x000000005041f000 	C:\Program Files\Java\jdk1.8.0_60\jre\bin\verify.dll
0x00000000503e0000 - 0x0000000050409000 	C:\Program Files\Java\jdk1.8.0_60\jre\bin\java.dll
0x00000000503c0000 - 0x00000000503d6000 	C:\Program Files\Java\jdk1.8.0_60\jre\bin\zip.dll

VM Arguments:
jvm_args: -Denv.class.path=.;C:\Program Files\Java\jdk1.8.0_60\bin;C:\Program Files\Java\jdk1.8.0_60\lib\dt.jar;C:\Program Files\Java\jdk1.8.0_60\lib\tools.jar -Dapplication.home=C:\Program Files\Java\jdk1.8.0_60 -Xms8m 
java_command: com.sun.tools.javac.Main -version
java_class_path (initial): C:\Program Files\Java\jdk1.8.0_60/lib/tools.jar;C:\Program Files\Java\jdk1.8.0_60/classes
Launcher Type: SUN_STANDARD

Environment Variables:
JAVA_HOME=C:\Program Files\Java\jdk1.8.0_60
CLASSPATH=.;C:\Program Files\Java\jdk1.8.0_60\bin;C:\Program Files\Java\jdk1.8.0_60\lib\dt.jar;C:\Program Files\Java\jdk1.8.0_60\lib\tools.jar
PATH=C:\Program Files\Java\jdk1.8.0_60\bin;C:\Program Files\Java\jdk1.8.0_60\jre\bin;C:\ProgramData\Oracle\Java\javapath;C:\windows\system32;C:\Program Files (x86)\Intel\iCLS Client\;C:\Program Files\Intel\iCLS Client\;C:\Program Files (x86)\Java\jdk1.8.0_31\bin;C:\Program Files (x86)\Microsoft SQL Server\80\Tools\Binn\;C:\Program Files (x86)\Microsoft SQL Server\90\DTS\Binn\;C:\Program Files (x86)\Microsoft SQL Server\90\Tools\binn\;C:\Program Files (x86)\Microsoft SQL Server\90\Tools\Binn\VSShell\Common7\IDE\;C:\Program Files (x86)\Microsoft Visual Studio 8\Common7\IDE\PrivateAssemblies\;C:\Program Files\Intel\Intel(R) Management Engine Components\DAL;C:\Program Files\Intel\Intel(R) Management Engine Components\IPT;C:\Program Files (x86)\Intel\Intel(R) Management Engine Components\DAL;C:\Program Files (x86)\Intel\Intel(R) Management Engine Components\IPT;D:\svn\bin;D:\Android\Git\bin;C:\WINDOWS\system32;C:\WINDOWS;C:\WINDOWS\System32\Wbem;C:\WINDOWS\System32\WindowsPowerShell\v1.0\;D:\USER\Downloads\apache-ant-1.9.6-bin\apache-ant-1.9.6\bin;D:\Android\sdk\tools;D:\Android\sdk\platform-tools;D:\nodejs\;C:\Program Files (x86)\GtkSharp\2.12\bin;D:\Cocos\Cocos2d-js-v3.3\cocos2d-js-v3.3\tools\cocos2d-console\bin;D:\Cocos\Python;D:\Cocos\Cocos2d-x\Cocos2d-x-3.10\templates;D:\Cocos\Cocos2d-x\Cocos2d-x-3.10\tools\cocos2d-console\bin;C:\Users\Administrator\AppData\Roaming\npm
USERNAME=Administrator
OS=Windows_NT
PROCESSOR_IDENTIFIER=Intel64 Family 6 Model 69 Stepping 1, GenuineIntel



---------------  S Y S T E M  ---------------

OS: Windows 10.0 , 64 bit Build 10586 (10.0.10586.0)

CPU:total 4 (2 cores per cpu, 2 threads per core) family 6 model 69 stepping 1, cmov, cx8, fxsr, mmx, sse, sse2, sse3, ssse3, sse4.1, sse4.2, popcnt, avx, avx2, aes, clmul, erms, lzcnt, ht, tsc, tscinvbit, bmi1, bmi2

Memory: 4k page, physical 4108652k(628068k free), swap 4944520k(3260k free)

vm_info: Java HotSpot(TM) 64-Bit Server VM (25.60-b23) for windows-amd64 JRE (1.8.0_60-b27), built on Aug  4 2015 11:06:27 by "java_re" with MS VC++ 10.0 (VS2010)

time: Thu May 05 11:58:44 2016
elapsed time: 0 seconds (0d 0h 0m 0s)

